app/build/intermediates/manifest_merge_blame_file/debug/processDebugMainManifest/manifest-merger-blame-debug-report.txt
1<?xml version="1.0" encoding="utf-8"?>
2<manifest xmlns:android="http://schemas.android.com/apk/res/android"
3    package="com.example.omdbtv"
4    android:versionCode="1"
5    android:versionName="1.0" >
6
7    <uses-sdk
8        android:minSdkVersion="21"
9        android:targetSdkVersion="35" />
10
11    <uses-permission android:name="android.permission.INTERNET" />
11-->src\main\AndroidManifest.xml:5:5-67
11-->src\main\AndroidManifest.xml:5:22-64
12
13    <uses-feature
13-->src\main\AndroidManifest.xml:7:5-9:36
14        android:name="android.hardware.touchscreen"
14-->src\main\AndroidManifest.xml:8:9-52
15        android:required="false" />
15-->src\main\AndroidManifest.xml:9:9-33
16    <uses-feature
16-->src\main\AndroidManifest.xml:10:5-12:35
17        android:name="android.software.leanback"
17-->src\main\AndroidManifest.xml:11:9-49
18        android:required="true" />
18-->src\main\AndroidManifest.xml:12:9-32
19
20    <permission
20-->[androidx.core:core:1.12.0] AndroidManifest.xml:22:5-24:47
21        android:name="com.example.omdbtv.DYNAMIC_RECEIVER_NOT_EXPORTED_PERMISSION"
21-->[androidx.core:core:1.12.0] AndroidManifest.xml:23:9-81
22        android:protectionLevel="signature" />
22-->[androidx.core:core:1.12.0] AndroidManifest.xml:24:9-44
23
24    <uses-permission android:name="com.example.omdbtv.DYNAMIC_RECEIVER_NOT_EXPORTED_PERMISSION" />
24-->[androidx.core:core:1.12.0] AndroidManifest.xml:26:5-97
24-->[androidx.core:core:1.12.0] AndroidManifest.xml:26:22-94
25
26    <application
26-->src\main\AndroidManifest.xml:14:5-54:19
27        android:allowBackup="true"
27-->src\main\AndroidManifest.xml:15:9-35
28        android:appComponentFactory="androidx.core.app.CoreComponentFactory"
28-->[androidx.core:core:1.12.0] AndroidManifest.xml:28:18-86
29        android:banner="@drawable/banner"
29-->src\main\AndroidManifest.xml:20:9-42
30        android:debuggable="true"
31        android:extractNativeLibs="true"
32        android:icon="@mipmap/ic_launcher"
32-->src\main\AndroidManifest.xml:16:9-43
33        android:label="@string/app_name"
33-->src\main\AndroidManifest.xml:17:9-41
34        android:supportsRtl="true"
34-->src\main\AndroidManifest.xml:18:9-35
35        android:testOnly="true"
36        android:theme="@style/Theme.OMDBTV" >
36-->src\main\AndroidManifest.xml:19:9-44
37        <activity
37-->src\main\AndroidManifest.xml:23:9-31:20
38            android:name="com.example.omdbtv.ui.MainActivity"
38-->src\main\AndroidManifest.xml:24:13-44
39            android:exported="true"
39-->src\main\AndroidManifest.xml:25:13-36
40            android:theme="@style/Theme.OMDBTV.NoActionBar" >
40-->src\main\AndroidManifest.xml:26:13-60
41            <intent-filter>
41-->src\main\AndroidManifest.xml:27:13-30:29
42                <action android:name="android.intent.action.MAIN" />
42-->src\main\AndroidManifest.xml:28:17-69
42-->src\main\AndroidManifest.xml:28:25-66
43
44                <category android:name="android.intent.category.LEANBACK_LAUNCHER" />
44-->src\main\AndroidManifest.xml:29:17-86
44-->src\main\AndroidManifest.xml:29:27-83
45            </intent-filter>
46        </activity>
47        <activity
47-->src\main\AndroidManifest.xml:33:9-35:63
48            android:name="com.example.omdbtv.ui.detail.MovieDetailActivity"
48-->src\main\AndroidManifest.xml:34:13-58
49            android:theme="@style/Theme.OMDBTV.NoActionBar" />
49-->src\main\AndroidManifest.xml:35:13-60
50        <activity
50-->src\main\AndroidManifest.xml:37:9-40:55
51            android:name="com.example.omdbtv.ui.search.SearchActivity"
51-->src\main\AndroidManifest.xml:38:13-53
52            android:theme="@style/Theme.OMDBTV.NoActionBar"
52-->src\main\AndroidManifest.xml:39:13-60
53            android:windowSoftInputMode="adjustPan" />
53-->src\main\AndroidManifest.xml:40:13-52
54        <activity
54-->src\main\AndroidManifest.xml:42:9-44:63
55            android:name="com.example.omdbtv.ui.search.SearchResultsActivity"
55-->src\main\AndroidManifest.xml:43:13-60
56            android:theme="@style/Theme.OMDBTV.NoActionBar" />
56-->src\main\AndroidManifest.xml:44:13-60
57        <activity
57-->src\main\AndroidManifest.xml:46:9-48:63
58            android:name="com.example.omdbtv.ui.genres.GenresActivity"
58-->src\main\AndroidManifest.xml:47:13-53
59            android:theme="@style/Theme.OMDBTV.NoActionBar" />
59-->src\main\AndroidManifest.xml:48:13-60
60        <activity
60-->src\main\AndroidManifest.xml:42:9-44:63
61            android:name="com.example.omdbtv.ui.search.SearchResultsActivity"
61-->src\main\AndroidManifest.xml:43:13-60
62            android:theme="@style/Theme.OMDBTV.NoActionBar" />
62-->src\main\AndroidManifest.xml:44:13-60
63
64        <provider
64-->[androidx.profileinstaller:profileinstaller:1.3.0] AndroidManifest.xml:24:9-32:20
65            android:name="androidx.startup.InitializationProvider"
65-->[androidx.profileinstaller:profileinstaller:1.3.0] AndroidManifest.xml:25:13-67
66            android:authorities="com.example.omdbtv.androidx-startup"
66-->[androidx.profileinstaller:profileinstaller:1.3.0] AndroidManifest.xml:26:13-68
67            android:exported="false" >
67-->[androidx.profileinstaller:profileinstaller:1.3.0] AndroidManifest.xml:27:13-37
68            <meta-data
68-->[androidx.profileinstaller:profileinstaller:1.3.0] AndroidManifest.xml:29:13-31:52
69                android:name="androidx.profileinstaller.ProfileInstallerInitializer"
69-->[androidx.profileinstaller:profileinstaller:1.3.0] AndroidManifest.xml:30:17-85
70                android:value="androidx.startup" />
70-->[androidx.profileinstaller:profileinstaller:1.3.0] AndroidManifest.xml:31:17-49
71        </provider>
72
73        <receiver
73-->[androidx.profileinstaller:profileinstaller:1.3.0] AndroidManifest.xml:34:9-52:20
74            android:name="androidx.profileinstaller.ProfileInstallReceiver"
74-->[androidx.profileinstaller:profileinstaller:1.3.0] AndroidManifest.xml:35:13-76
75            android:directBootAware="false"
75-->[androidx.profileinstaller:profileinstaller:1.3.0] AndroidManifest.xml:36:13-44
76            android:enabled="true"
76-->[androidx.profileinstaller:profileinstaller:1.3.0] AndroidManifest.xml:37:13-35
77            android:exported="true"
77-->[androidx.profileinstaller:profileinstaller:1.3.0] AndroidManifest.xml:38:13-36
78            android:permission="android.permission.DUMP" >
78-->[androidx.profileinstaller:profileinstaller:1.3.0] AndroidManifest.xml:39:13-57
79            <intent-filter>
79-->[androidx.profileinstaller:profileinstaller:1.3.0] AndroidManifest.xml:40:13-42:29
80                <action android:name="androidx.profileinstaller.action.INSTALL_PROFILE" />
80-->[androidx.profileinstaller:profileinstaller:1.3.0] AndroidManifest.xml:41:17-91
80-->[androidx.profileinstaller:profileinstaller:1.3.0] AndroidManifest.xml:41:25-88
81            </intent-filter>
82            <intent-filter>
82-->[androidx.profileinstaller:profileinstaller:1.3.0] AndroidManifest.xml:43:13-45:29
83                <action android:name="androidx.profileinstaller.action.SKIP_FILE" />
83-->[androidx.profileinstaller:profileinstaller:1.3.0] AndroidManifest.xml:44:17-85
83-->[androidx.profileinstaller:profileinstaller:1.3.0] AndroidManifest.xml:44:25-82
84            </intent-filter>
85            <intent-filter>
85-->[androidx.profileinstaller:profileinstaller:1.3.0] AndroidManifest.xml:46:13-48:29
86                <action android:name="androidx.profileinstaller.action.SAVE_PROFILE" />
86-->[androidx.profileinstaller:profileinstaller:1.3.0] AndroidManifest.xml:47:17-88
86-->[androidx.profileinstaller:profileinstaller:1.3.0] AndroidManifest.xml:47:25-85
87            </intent-filter>
88            <intent-filter>
88-->[androidx.profileinstaller:profileinstaller:1.3.0] AndroidManifest.xml:49:13-51:29
89                <action android:name="androidx.profileinstaller.action.BENCHMARK_OPERATION" />
89-->[androidx.profileinstaller:profileinstaller:1.3.0] AndroidManifest.xml:50:17-95
89-->[androidx.profileinstaller:profileinstaller:1.3.0] AndroidManifest.xml:50:25-92
90            </intent-filter>
91        </receiver>
92    </application>
93
94</manifest>